<?xml version="1.0" encoding="UTF-8"?>
<coverage generated="1663625164644" clover="3.2.0">
  <project timestamp="1663625164644" name="All files">
    <metrics statements="9" coveredstatements="4" conditionals="6" coveredconditionals="4" methods="2" coveredmethods="1" elements="17" coveredelements="9" complexity="0" loc="9" ncloc="9" packages="1" files="1" classes="1"/>
    <file name="sum.js" path="/home/danilovago/exercicios-trybe/fundamentos/bloco-07-introducao-javascript-testes-unitarios/dia-3-primeiros-passos-em-jest/sum.js">
      <metrics statements="9" coveredstatements="4" conditionals="6" coveredconditionals="4" methods="2" coveredmethods="1"/>
      <line num="2" count="5" type="cond" truecount="4" falsecount="0"/>
      <line num="3" count="3" type="stmt"/>
      <line num="6" count="2" type="stmt"/>
      <line num="10" count="0" type="stmt"/>
      <line num="11" count="0" type="stmt"/>
      <line num="12" count="0" type="cond" truecount="0" falsecount="2"/>
      <line num="13" count="0" type="stmt"/>
      <line num="16" count="0" type="stmt"/>
      <line num="23" count="1" type="stmt"/>
    </file>
  </project>
</coverage>
