{"/home/danilovago/exercicios-trybe/fundamentos/bloco-07-introducao-javascript-testes-unitarios/dia-3-primeiros-passos-em-jest/sum.js": {"path":"/home/danilovago/exercicios-trybe/fundamentos/bloco-07-introducao-javascript-testes-unitarios/dia-3-primeiros-passos-em-jest/sum.js","statementMap":{"0":{"start":{"line":2,"column":4},"end":{"line":4,"column":5}},"1":{"start":{"line":3,"column":6},"end":{"line":3,"column":52}},"2":{"start":{"line":6,"column":4},"end":{"line":6,"column":17}},"3":{"start":{"line":10,"column":17},"end":{"line":10,"column":19}},"4":{"start":{"line":11,"column":4},"end":{"line":15,"column":5}},"5":{"start":{"line":11,"column":21},"end":{"line":11,"column":22}},"6":{"start":{"line":12,"column":6},"end":{"line":14,"column":7}},"7":{"start":{"line":13,"column":8},"end":{"line":13,"column":32}},"8":{"start":{"line":16,"column":4},"end":{"line":16,"column":18}},"9":{"start":{"line":23,"column":2},"end":{"line":23,"column":23}}},"fnMap":{"0":{"name":"sum","decl":{"start":{"line":1,"column":9},"end":{"line":1,"column":12}},"loc":{"start":{"line":1,"column":19},"end":{"line":7,"column":3}},"line":1},"1":{"name":"myRemove","decl":{"start":{"line":9,"column":11},"end":{"line":9,"column":19}},"loc":{"start":{"line":9,"column":31},"end":{"line":17,"column":3}},"line":9}},"branchMap":{"0":{"loc":{"start":{"line":2,"column":4},"end":{"line":4,"column":5}},"type":"if","locations":[{"start":{"line":2,"column":4},"end":{"line":4,"column":5}},{"start":{},"end":{}}],"line":2},"1":{"loc":{"start":{"line":2,"column":8},"end":{"line":2,"column":54}},"type":"binary-expr","locations":[{"start":{"line":2,"column":8},"end":{"line":2,"column":29}},{"start":{"line":2,"column":33},"end":{"line":2,"column":54}}],"line":2},"2":{"loc":{"start":{"line":12,"column":6},"end":{"line":14,"column":7}},"type":"if","locations":[{"start":{"line":12,"column":6},"end":{"line":14,"column":7}},{"start":{},"end":{}}],"line":12}},"s":{"0":5,"1":3,"2":2,"3":0,"4":0,"5":0,"6":0,"7":0,"8":0,"9":1},"f":{"0":5,"1":0},"b":{"0":[3,2],"1":[5,4],"2":[0,0]},"_coverageSchema":"1a1c01bbd47fc00a2c39e90264f33305004495a9","hash":"a1dd882e289effc47260ea6ffe18ef31203a2c8e"}
}
